[INFO  - 2017-04-03T12:02:36.567Z] GhostDriver - Main - running on port 1265
[INFO  - 2017-04-03T12:02:37.627Z] Session [6e1c2030-1865-11e7-82af-512e71f4a509] - page.settings - {"XSSAuditingEnabled":false,"javascriptCanCloseWindows":true,"javascriptCanOpenWindows":true,"javascriptEnabled":true,"loadImages":true,"localToRemoteUrlAccessEnabled":false,"userAgent":"Mozilla/5.0 (Windows NT 6.2; WOW64) AppleWebKit/538.1 (KHTML, like Gecko) PhantomJS/2.1.1 Safari/538.1","webSecurityEnabled":true}
[INFO  - 2017-04-03T12:02:37.628Z] Session [6e1c2030-1865-11e7-82af-512e71f4a509] - page.customHeaders:  - {}
[INFO  - 2017-04-03T12:02:37.628Z] Session [6e1c2030-1865-11e7-82af-512e71f4a509] - Session.negotiatedCapabilities - {"browserName":"phantomjs","version":"2.1.1","driverName":"ghostdriver","driverVersion":"1.2.0","platform":"windows-10-32bit","javascriptEnabled":true,"takesScreenshot":true,"handlesAlerts":false,"databaseEnabled":false,"locationContextEnabled":false,"applicationCacheEnabled":false,"browserConnectionEnabled":false,"cssSelectorsEnabled":true,"webStorageEnabled":false,"rotatable":false,"acceptSslCerts":false,"nativeEvents":true,"proxy":{"proxyType":"direct"}}
[INFO  - 2017-04-03T12:02:37.629Z] SessionManagerReqHand - _postNewSessionCommand - New Session Created: 6e1c2030-1865-11e7-82af-512e71f4a509
[INFO  - 2017-04-03T12:02:39.427Z] ShutdownReqHand - _handle - About to shutdown
[INFO  - 2017-04-03T12:02:42.052Z] GhostDriver - Main - running on port 7906
[INFO  - 2017-04-03T12:02:42.105Z] Session [70c6f4e0-1865-11e7-8eb5-651de98a177c] - page.settings - {"XSSAuditingEnabled":false,"javascriptCanCloseWindows":true,"javascriptCanOpenWindows":true,"javascriptEnabled":true,"loadImages":true,"localToRemoteUrlAccessEnabled":false,"userAgent":"Mozilla/5.0 (Windows NT 6.2; WOW64) AppleWebKit/538.1 (KHTML, like Gecko) PhantomJS/2.1.1 Safari/538.1","webSecurityEnabled":true}
[INFO  - 2017-04-03T12:02:42.105Z] Session [70c6f4e0-1865-11e7-8eb5-651de98a177c] - page.customHeaders:  - {}
[INFO  - 2017-04-03T12:02:42.105Z] Session [70c6f4e0-1865-11e7-8eb5-651de98a177c] - Session.negotiatedCapabilities - {"browserName":"phantomjs","version":"2.1.1","driverName":"ghostdriver","driverVersion":"1.2.0","platform":"windows-10-32bit","javascriptEnabled":true,"takesScreenshot":true,"handlesAlerts":false,"databaseEnabled":false,"locationContextEnabled":false,"applicationCacheEnabled":false,"browserConnectionEnabled":false,"cssSelectorsEnabled":true,"webStorageEnabled":false,"rotatable":false,"acceptSslCerts":false,"nativeEvents":true,"proxy":{"proxyType":"direct"}}
[INFO  - 2017-04-03T12:02:42.105Z] SessionManagerReqHand - _postNewSessionCommand - New Session Created: 70c6f4e0-1865-11e7-8eb5-651de98a177c
[ERROR - 2017-04-03T12:02:49.282Z] WebElementLocator - _handleLocateCommand - Element(s) NOT Found: GAVE UP. Search Stop Time: 1491220969261
[INFO  - 2017-04-03T12:02:49.785Z] ShutdownReqHand - _handle - About to shutdown
[INFO  - 2017-04-03T12:03:53.506Z] GhostDriver - Main - running on port 12264
[INFO  - 2017-04-03T12:03:54.146Z] Session [9bb7d890-1865-11e7-910c-557fd4207aee] - page.settings - {"XSSAuditingEnabled":false,"javascriptCanCloseWindows":true,"javascriptCanOpenWindows":true,"javascriptEnabled":true,"loadImages":true,"localToRemoteUrlAccessEnabled":false,"userAgent":"Mozilla/5.0 (Windows NT 6.2; WOW64) AppleWebKit/538.1 (KHTML, like Gecko) PhantomJS/2.1.1 Safari/538.1","webSecurityEnabled":true}
[INFO  - 2017-04-03T12:03:54.146Z] Session [9bb7d890-1865-11e7-910c-557fd4207aee] - page.customHeaders:  - {}
[INFO  - 2017-04-03T12:03:54.146Z] Session [9bb7d890-1865-11e7-910c-557fd4207aee] - Session.negotiatedCapabilities - {"browserName":"phantomjs","version":"2.1.1","driverName":"ghostdriver","driverVersion":"1.2.0","platform":"windows-10-32bit","javascriptEnabled":true,"takesScreenshot":true,"handlesAlerts":false,"databaseEnabled":false,"locationContextEnabled":false,"applicationCacheEnabled":false,"browserConnectionEnabled":false,"cssSelectorsEnabled":true,"webStorageEnabled":false,"rotatable":false,"acceptSslCerts":false,"nativeEvents":true,"proxy":{"proxyType":"direct"}}
[INFO  - 2017-04-03T12:03:54.147Z] SessionManagerReqHand - _postNewSessionCommand - New Session Created: 9bb7d890-1865-11e7-910c-557fd4207aee
[INFO  - 2017-04-03T12:03:55.927Z] ShutdownReqHand - _handle - About to shutdown
[INFO  - 2017-04-03T12:03:58.202Z] GhostDriver - Main - running on port 5353
[INFO  - 2017-04-03T12:03:58.519Z] Session [9e531ce0-1865-11e7-ac61-81e75295bbef] - page.settings - {"XSSAuditingEnabled":false,"javascriptCanCloseWindows":true,"javascriptCanOpenWindows":true,"javascriptEnabled":true,"loadImages":true,"localToRemoteUrlAccessEnabled":false,"userAgent":"Mozilla/5.0 (Windows NT 6.2; WOW64) AppleWebKit/538.1 (KHTML, like Gecko) PhantomJS/2.1.1 Safari/538.1","webSecurityEnabled":true}
[INFO  - 2017-04-03T12:03:58.519Z] Session [9e531ce0-1865-11e7-ac61-81e75295bbef] - page.customHeaders:  - {}
[INFO  - 2017-04-03T12:03:58.520Z] Session [9e531ce0-1865-11e7-ac61-81e75295bbef] - Session.negotiatedCapabilities - {"browserName":"phantomjs","version":"2.1.1","driverName":"ghostdriver","driverVersion":"1.2.0","platform":"windows-10-32bit","javascriptEnabled":true,"takesScreenshot":true,"handlesAlerts":false,"databaseEnabled":false,"locationContextEnabled":false,"applicationCacheEnabled":false,"browserConnectionEnabled":false,"cssSelectorsEnabled":true,"webStorageEnabled":false,"rotatable":false,"acceptSslCerts":false,"nativeEvents":true,"proxy":{"proxyType":"direct"}}
[INFO  - 2017-04-03T12:03:58.520Z] SessionManagerReqHand - _postNewSessionCommand - New Session Created: 9e531ce0-1865-11e7-ac61-81e75295bbef
[ERROR - 2017-04-03T12:04:04.886Z] WebElementLocator - _handleLocateCommand - Element(s) NOT Found: GAVE UP. Search Stop Time: 1491221044831
[INFO  - 2017-04-03T12:04:05.327Z] ShutdownReqHand - _handle - About to shutdown
[INFO  - 2017-04-03T12:04:22.559Z] GhostDriver - Main - running on port 41124
[INFO  - 2017-04-03T12:04:23.120Z] Session [acfd1480-1865-11e7-8d67-bfbc687dbbd6] - page.settings - {"XSSAuditingEnabled":false,"javascriptCanCloseWindows":true,"javascriptCanOpenWindows":true,"javascriptEnabled":true,"loadImages":true,"localToRemoteUrlAccessEnabled":false,"userAgent":"Mozilla/5.0 (Windows NT 6.2; WOW64) AppleWebKit/538.1 (KHTML, like Gecko) PhantomJS/2.1.1 Safari/538.1","webSecurityEnabled":true}
[INFO  - 2017-04-03T12:04:23.120Z] Session [acfd1480-1865-11e7-8d67-bfbc687dbbd6] - page.customHeaders:  - {}
[INFO  - 2017-04-03T12:04:23.120Z] Session [acfd1480-1865-11e7-8d67-bfbc687dbbd6] - Session.negotiatedCapabilities - {"browserName":"phantomjs","version":"2.1.1","driverName":"ghostdriver","driverVersion":"1.2.0","platform":"windows-10-32bit","javascriptEnabled":true,"takesScreenshot":true,"handlesAlerts":false,"databaseEnabled":false,"locationContextEnabled":false,"applicationCacheEnabled":false,"browserConnectionEnabled":false,"cssSelectorsEnabled":true,"webStorageEnabled":false,"rotatable":false,"acceptSslCerts":false,"nativeEvents":true,"proxy":{"proxyType":"direct"}}
[INFO  - 2017-04-03T12:04:23.121Z] SessionManagerReqHand - _postNewSessionCommand - New Session Created: acfd1480-1865-11e7-8d67-bfbc687dbbd6
[ERROR - 2017-04-03T12:04:29.481Z] WebElementLocator - _handleLocateCommand - Element(s) NOT Found: GAVE UP. Search Stop Time: 1491221069430
[INFO  - 2017-04-03T12:04:29.939Z] ShutdownReqHand - _handle - About to shutdown
[INFO  - 2017-04-03T12:04:42.828Z] GhostDriver - Main - running on port 44298
[INFO  - 2017-04-03T12:04:43.874Z] Session [b95b6e70-1865-11e7-9cde-c562044d9645] - page.settings - {"XSSAuditingEnabled":false,"javascriptCanCloseWindows":true,"javascriptCanOpenWindows":true,"javascriptEnabled":true,"loadImages":true,"localToRemoteUrlAccessEnabled":false,"userAgent":"Mozilla/5.0 (Windows NT 6.2; WOW64) AppleWebKit/538.1 (KHTML, like Gecko) PhantomJS/2.1.1 Safari/538.1","webSecurityEnabled":true}
[INFO  - 2017-04-03T12:04:43.874Z] Session [b95b6e70-1865-11e7-9cde-c562044d9645] - page.customHeaders:  - {}
[INFO  - 2017-04-03T12:04:43.875Z] Session [b95b6e70-1865-11e7-9cde-c562044d9645] - Session.negotiatedCapabilities - {"browserName":"phantomjs","version":"2.1.1","driverName":"ghostdriver","driverVersion":"1.2.0","platform":"windows-10-32bit","javascriptEnabled":true,"takesScreenshot":true,"handlesAlerts":false,"databaseEnabled":false,"locationContextEnabled":false,"applicationCacheEnabled":false,"browserConnectionEnabled":false,"cssSelectorsEnabled":true,"webStorageEnabled":false,"rotatable":false,"acceptSslCerts":false,"nativeEvents":true,"proxy":{"proxyType":"direct"}}
[INFO  - 2017-04-03T12:04:43.875Z] SessionManagerReqHand - _postNewSessionCommand - New Session Created: b95b6e70-1865-11e7-9cde-c562044d9645
[ERROR - 2017-04-03T12:04:50.163Z] WebElementLocator - _handleLocateCommand - Element(s) NOT Found: GAVE UP. Search Stop Time: 1491221090160
[INFO  - 2017-04-03T12:04:50.762Z] ShutdownReqHand - _handle - About to shutdown
[INFO  - 2017-04-03T12:04:53.496Z] GhostDriver - Main - running on port 38321
[INFO  - 2017-04-03T12:04:53.590Z] Session [bf258480-1865-11e7-9bd0-5d54b0e48f43] - page.settings - {"XSSAuditingEnabled":false,"javascriptCanCloseWindows":true,"javascriptCanOpenWindows":true,"javascriptEnabled":true,"loadImages":true,"localToRemoteUrlAccessEnabled":false,"userAgent":"Mozilla/5.0 (Windows NT 6.2; WOW64) AppleWebKit/538.1 (KHTML, like Gecko) PhantomJS/2.1.1 Safari/538.1","webSecurityEnabled":true}
[INFO  - 2017-04-03T12:04:53.590Z] Session [bf258480-1865-11e7-9bd0-5d54b0e48f43] - page.customHeaders:  - {}
[INFO  - 2017-04-03T12:04:53.590Z] Session [bf258480-1865-11e7-9bd0-5d54b0e48f43] - Session.negotiatedCapabilities - {"browserName":"phantomjs","version":"2.1.1","driverName":"ghostdriver","driverVersion":"1.2.0","platform":"windows-10-32bit","javascriptEnabled":true,"takesScreenshot":true,"handlesAlerts":false,"databaseEnabled":false,"locationContextEnabled":false,"applicationCacheEnabled":false,"browserConnectionEnabled":false,"cssSelectorsEnabled":true,"webStorageEnabled":false,"rotatable":false,"acceptSslCerts":false,"nativeEvents":true,"proxy":{"proxyType":"direct"}}
[INFO  - 2017-04-03T12:04:53.591Z] SessionManagerReqHand - _postNewSessionCommand - New Session Created: bf258480-1865-11e7-9bd0-5d54b0e48f43
[INFO  - 2017-04-03T12:04:55.226Z] ShutdownReqHand - _handle - About to shutdown
[INFO  - 2017-04-03T12:04:57.990Z] GhostDriver - Main - running on port 23044
[INFO  - 2017-04-03T12:04:58.627Z] Session [c226dda0-1865-11e7-b075-d917749a1079] - page.settings - {"XSSAuditingEnabled":false,"javascriptCanCloseWindows":true,"javascriptCanOpenWindows":true,"javascriptEnabled":true,"loadImages":true,"localToRemoteUrlAccessEnabled":false,"userAgent":"Mozilla/5.0 (Windows NT 6.2; WOW64) AppleWebKit/538.1 (KHTML, like Gecko) PhantomJS/2.1.1 Safari/538.1","webSecurityEnabled":true}
[INFO  - 2017-04-03T12:04:58.627Z] Session [c226dda0-1865-11e7-b075-d917749a1079] - page.customHeaders:  - {}
[INFO  - 2017-04-03T12:04:58.628Z] Session [c226dda0-1865-11e7-b075-d917749a1079] - Session.negotiatedCapabilities - {"browserName":"phantomjs","version":"2.1.1","driverName":"ghostdriver","driverVersion":"1.2.0","platform":"windows-10-32bit","javascriptEnabled":true,"takesScreenshot":true,"handlesAlerts":false,"databaseEnabled":false,"locationContextEnabled":false,"applicationCacheEnabled":false,"browserConnectionEnabled":false,"cssSelectorsEnabled":true,"webStorageEnabled":false,"rotatable":false,"acceptSslCerts":false,"nativeEvents":true,"proxy":{"proxyType":"direct"}}
[INFO  - 2017-04-03T12:04:58.628Z] SessionManagerReqHand - _postNewSessionCommand - New Session Created: c226dda0-1865-11e7-b075-d917749a1079
[ERROR - 2017-04-03T12:05:04.918Z] WebElementLocator - _handleLocateCommand - Element(s) NOT Found: GAVE UP. Search Stop Time: 1491221104862
[INFO  - 2017-04-03T12:05:05.346Z] ShutdownReqHand - _handle - About to shutdown
[INFO  - 2017-04-03T12:05:07.548Z] GhostDriver - Main - running on port 15333
[INFO  - 2017-04-03T12:05:07.844Z] Session [c7a51da0-1865-11e7-8087-0b32bf9752ca] - page.settings - {"XSSAuditingEnabled":false,"javascriptCanCloseWindows":true,"javascriptCanOpenWindows":true,"javascriptEnabled":true,"loadImages":true,"localToRemoteUrlAccessEnabled":false,"userAgent":"Mozilla/5.0 (Windows NT 6.2; WOW64) AppleWebKit/538.1 (KHTML, like Gecko) PhantomJS/2.1.1 Safari/538.1","webSecurityEnabled":true}
[INFO  - 2017-04-03T12:05:07.844Z] Session [c7a51da0-1865-11e7-8087-0b32bf9752ca] - page.customHeaders:  - {}
[INFO  - 2017-04-03T12:05:07.845Z] Session [c7a51da0-1865-11e7-8087-0b32bf9752ca] - Session.negotiatedCapabilities - {"browserName":"phantomjs","version":"2.1.1","driverName":"ghostdriver","driverVersion":"1.2.0","platform":"windows-10-32bit","javascriptEnabled":true,"takesScreenshot":true,"handlesAlerts":false,"databaseEnabled":false,"locationContextEnabled":false,"applicationCacheEnabled":false,"browserConnectionEnabled":false,"cssSelectorsEnabled":true,"webStorageEnabled":false,"rotatable":false,"acceptSslCerts":false,"nativeEvents":true,"proxy":{"proxyType":"direct"}}
[INFO  - 2017-04-03T12:05:07.845Z] SessionManagerReqHand - _postNewSessionCommand - New Session Created: c7a51da0-1865-11e7-8087-0b32bf9752ca
[ERROR - 2017-04-03T12:05:14.029Z] WebElementLocator - _handleLocateCommand - Element(s) NOT Found: GAVE UP. Search Stop Time: 1491221114021
[INFO  - 2017-04-03T12:05:14.443Z] ShutdownReqHand - _handle - About to shutdown
[INFO  - 2017-04-03T12:05:16.604Z] GhostDriver - Main - running on port 26422
[INFO  - 2017-04-03T12:05:16.899Z] Session [cd0b1ab0-1865-11e7-9183-495a0ae487e9] - page.settings - {"XSSAuditingEnabled":false,"javascriptCanCloseWindows":true,"javascriptCanOpenWindows":true,"javascriptEnabled":true,"loadImages":true,"localToRemoteUrlAccessEnabled":false,"userAgent":"Mozilla/5.0 (Windows NT 6.2; WOW64) AppleWebKit/538.1 (KHTML, like Gecko) PhantomJS/2.1.1 Safari/538.1","webSecurityEnabled":true}
[INFO  - 2017-04-03T12:05:16.899Z] Session [cd0b1ab0-1865-11e7-9183-495a0ae487e9] - page.customHeaders:  - {}
[INFO  - 2017-04-03T12:05:16.900Z] Session [cd0b1ab0-1865-11e7-9183-495a0ae487e9] - Session.negotiatedCapabilities - {"browserName":"phantomjs","version":"2.1.1","driverName":"ghostdriver","driverVersion":"1.2.0","platform":"windows-10-32bit","javascriptEnabled":true,"takesScreenshot":true,"handlesAlerts":false,"databaseEnabled":false,"locationContextEnabled":false,"applicationCacheEnabled":false,"browserConnectionEnabled":false,"cssSelectorsEnabled":true,"webStorageEnabled":false,"rotatable":false,"acceptSslCerts":false,"nativeEvents":true,"proxy":{"proxyType":"direct"}}
[INFO  - 2017-04-03T12:05:16.900Z] SessionManagerReqHand - _postNewSessionCommand - New Session Created: cd0b1ab0-1865-11e7-9183-495a0ae487e9
[ERROR - 2017-04-03T12:05:23.147Z] WebElementLocator - _handleLocateCommand - Element(s) NOT Found: GAVE UP. Search Stop Time: 1491221123090
[INFO  - 2017-04-03T12:05:23.548Z] ShutdownReqHand - _handle - About to shutdown
